<?xml version="1.0" encoding="UTF-8"?>
<testng-results total="1" passed="1" failed="0" skipped="0">
  <reporter-output>
  </reporter-output>
  <suite started-at="2021-03-30T10:21:37Z" name="Suite" finished-at="2021-03-30T10:21:46Z" duration-ms="9089">
    <groups>
    </groups>
    <test started-at="2021-03-30T10:21:37Z" name="Test" finished-at="2021-03-30T10:21:46Z" duration-ms="9089">
      <class name="testNGPackage.Googlelaunch">
        <test-method signature="setup(java.lang.String)[pri:0, instance:testNGPackage.Googlelaunch@12aba8be]" started-at="2021-03-30T15:51:37Z" name="setup" finished-at="2021-03-30T15:51:46Z" duration-ms="9070" status="PASS">
          <params>
            <param index="0">
              <value>
                <![CDATA[https://www.google.co.in/]]>
              </value>
            </param>
          </params>
          <reporter-output>
          </reporter-output>
        </test-method> <!-- setup -->
      </class> <!-- testNGPackage.Googlelaunch -->
    </test> <!-- Test -->
  </suite> <!-- Suite -->
</testng-results>
